<?xml version="1.0" encoding="UTF-8"?>
<!-- Generated by org.testng.reporters.JUnitReportReporter -->
<testsuite skipped="0" hostname="Sara-PC" name="com.automation.runners.TestRunner" tests="12" failures="0" timestamp="2022-03-16T12:41:02 AST" time="151.541" errors="0">
  <testcase name="runScenario" time="10.530" classname="com.automation.runners.TestRunner"/>
  <system-out/>
  <testcase name="runScenario" time="13.900" classname="com.automation.runners.TestRunner"/>
  <system-out/>
  <testcase name="runScenario" time="13.793" classname="com.automation.runners.TestRunner"/>
  <system-out/>
  <testcase name="runScenario" time="10.765" classname="com.automation.runners.TestRunner"/>
  <system-out/>
  <testcase name="runScenario" time="15.288" classname="com.automation.runners.TestRunner"/>
  <system-out/>
  <testcase name="runScenario" time="10.789" classname="com.automation.runners.TestRunner"/>
  <system-out/>
  <testcase name="runScenario" time="13.297" classname="com.automation.runners.TestRunner"/>
  <system-out/>
  <testcase name="runScenario" time="17.632" classname="com.automation.runners.TestRunner"/>
  <system-out/>
  <testcase name="runScenario" time="12.199" classname="com.automation.runners.TestRunner"/>
  <system-out/>
  <testcase name="runScenario" time="11.516" classname="com.automation.runners.TestRunner"/>
  <system-out/>
  <testcase name="runScenario" time="10.454" classname="com.automation.runners.TestRunner"/>
  <system-out/>
  <testcase name="runScenario" time="11.378" classname="com.automation.runners.TestRunner"/>
  <system-out/>
</testsuite> <!-- com.automation.runners.TestRunner -->
